0 info it worked if it ends with ok
1 verbose cli [ '/usr/local/bin/node', '/usr/local/bin/npm', 'run', 'webpack' ]
2 info using npm@2.14.12
3 info using node@v4.2.6
4 verbose run-script [ 'prewebpack', 'webpack', 'postwebpack' ]
5 info prewebpack webpack-yummta@1.0.0
6 info webpack webpack-yummta@1.0.0
7 verbose unsafe-perm in lifecycle true
8 info webpack-yummta@1.0.0 Failed to exec webpack script
9 verbose stack Error: webpack-yummta@1.0.0 webpack: `webpack`
9 verbose stack Exit status 2
9 verbose stack     at EventEmitter.<anonymous> (/usr/local/lib/node_modules/npm/lib/utils/lifecycle.js:214:16)
9 verbose stack     at emitTwo (events.js:87:13)
9 verbose stack     at EventEmitter.emit (events.js:172:7)
9 verbose stack     at ChildProcess.<anonymous> (/usr/local/lib/node_modules/npm/lib/utils/spawn.js:24:14)
9 verbose stack     at emitTwo (events.js:87:13)
9 verbose stack     at ChildProcess.emit (events.js:172:7)
9 verbose stack     at maybeClose (internal/child_process.js:821:16)
9 verbose stack     at Process.ChildProcess._handle.onexit (internal/child_process.js:211:5)
10 verbose pkgid webpack-yummta@1.0.0
11 verbose cwd /home/paul/Dev/proyectos/yummta-frontend/webpack-yummta
12 error Linux 4.4.0-59-generic
13 error argv "/usr/local/bin/node" "/usr/local/bin/npm" "run" "webpack"
14 error node v4.2.6
15 error npm  v2.14.12
16 error code ELIFECYCLE
17 error webpack-yummta@1.0.0 webpack: `webpack`
17 error Exit status 2
18 error Failed at the webpack-yummta@1.0.0 webpack script 'webpack'.
18 error This is most likely a problem with the webpack-yummta package,
18 error not with npm itself.
18 error Tell the author that this fails on your system:
18 error     webpack
18 error You can get their info via:
18 error     npm owner ls webpack-yummta
18 error There is likely additional logging output above.
19 verbose exit [ 1, true ]
